Added Pin To Net: NetName=GND Pin=arduino_nano-29
Added Pin To Net: NetName=GND Pin=DHT11-GND
Added Pin To Net: NetName=GND Pin=photo_resitor-GND
Added Net: Name=GND
Added Pin To Net: NetName=Netarduino_nano_16 Pin=arduino_nano-16
Added Pin To Net: NetName=Netarduino_nano_16 Pin=DHT11-Data
Added Pin To Net: NetName=Netarduino_nano_16 Pin=R2-1
Added Net: Name=Netarduino_nano_16
Added Pin To Net: NetName=Netarduino_nano_19 Pin=arduino_nano-19
Added Pin To Net: NetName=Netarduino_nano_19 Pin=photo_resitor-Data
Added Pin To Net: NetName=Netarduino_nano_19 Pin=R1-1
Added Net: Name=Netarduino_nano_19
Added Pin To Net: NetName=VCC Pin=arduino_nano-27
Added Pin To Net: NetName=VCC Pin=DHT11-VCC
Added Pin To Net: NetName=VCC Pin=photo_resitor-VCC
Added Pin To Net: NetName=VCC Pin=R1-2
Added Pin To Net: NetName=VCC Pin=R2-2
Added Net: Name=VCC
Change Class Name : Old Net Name=test New Net Name=shemat
Added Member To Class: ClassName=shemat Member=Component arduino_nano Arduino Nano
Added Member To Class: ClassName=shemat Member=Component DHT11 sensor humidity & température
Added Member To Class: ClassName=shemat Member=Component photo_resitor photo_resistor_with_res_bridge
Added Member To Class: ClassName=shemat Member=Component R1 Res1
Added Member To Class: ClassName=shemat Member=Component R2 Res1
Added Room: Name=shemat
